<?xml version="1.0" encoding="UTF-8"?>
<testng-results ignored="8" total="26" passed="18" failed="0" skipped="0">
  <reporter-output>
    <line>
      <![CDATA[https://www.saucedemo.com/]]>
    </line>
    <line>
      <![CDATA[Epic sadface: Username and password do not match any user in this service]]>
    </line>
    <line>
      <![CDATA[Epic sadface: Username and password do not match any user in this service]]>
    </line>
    <line>
      <![CDATA[Login successfully]]>
    </line>
    <line>
      <![CDATA[Backpack]]>
    </line>
    <line>
      <![CDATA[https://www.saucedemo.com/]]>
    </line>
    <line>
      <![CDATA[Epic sadface: Username and password do not match any user in this service]]>
    </line>
    <line>
      <![CDATA[Epic sadface: Username and password do not match any user in this service]]>
    </line>
    <line>
      <![CDATA[Login successfully]]>
    </line>
    <line>
      <![CDATA[Backpack]]>
    </line>
  </reporter-output>
  <suite started-at="2022-12-20T15:41:53 IST" name="AutomationFrameworkSuite" finished-at="2022-12-20T15:43:11 IST" duration-ms="78198">
    <groups>
    </groups>
    <test started-at="2022-12-20T15:41:53 IST" name="AutomationFrameworkSuite_chrome" finished-at="2022-12-20T15:42:33 IST" duration-ms="39894">
      <class name="TestCases.InventoryTestcases">
        <test-method is-config="true" signature="init()[pri:0, instance:TestCases.InventoryTestcases@36b4fe2a]" started-at="2022-12-20T15:42:09 IST" name="init" finished-at="2022-12-20T15:42:09 IST" duration-ms="2" status="PASS">
          <reporter-output>
          </reporter-output>
        </test-method> <!-- init -->
        <test-method signature="validateBackPack()[pri:1, instance:TestCases.InventoryTestcases@36b4fe2a]" started-at="2022-12-20T15:42:09 IST" name="validateBackPack" finished-at="2022-12-20T15:42:15 IST" duration-ms="6244" status="PASS">
          <reporter-output>
            <line>
              <![CDATA[Backpack]]>
            </line>
          </reporter-output>
        </test-method> <!-- validateBackPack -->
        <test-method signature="shirt()[pri:2, instance:TestCases.InventoryTestcases@36b4fe2a]" started-at="2022-12-20T15:42:15 IST" name="shirt" finished-at="2022-12-20T15:42:19 IST" duration-ms="4126" status="PASS">
          <reporter-output>
          </reporter-output>
        </test-method> <!-- shirt -->
        <test-method signature="cartItem()[pri:3, instance:TestCases.InventoryTestcases@36b4fe2a]" started-at="2022-12-20T15:42:19 IST" name="cartItem" finished-at="2022-12-20T15:42:28 IST" duration-ms="8671" status="PASS">
          <reporter-output>
          </reporter-output>
        </test-method> <!-- cartItem -->
      </class> <!-- TestCases.InventoryTestcases -->
      <class name="TestCases.LogoutTestcases">
        <test-method is-config="true" signature="init()[pri:0, instance:TestCases.LogoutTestcases@574b560f]" started-at="2022-12-20T15:42:28 IST" name="init" finished-at="2022-12-20T15:42:28 IST" duration-ms="4" status="PASS">
          <reporter-output>
          </reporter-output>
        </test-method> <!-- init -->
        <test-method signature="validateLogout()[pri:0, instance:TestCases.LogoutTestcases@574b560f]" started-at="2022-12-20T15:42:28 IST" name="validateLogout" finished-at="2022-12-20T15:42:32 IST" duration-ms="4211" status="PASS">
          <reporter-output>
          </reporter-output>
        </test-method> <!-- validateLogout -->
      </class> <!-- TestCases.LogoutTestcases -->
      <class name="TestCases.LoginTestcases">
        <test-method is-config="true" signature="launchBrowser(java.lang.String)[pri:0, instance:TestCases.LoginTestcases@65b3f4a4]" started-at="2022-12-20T15:41:53 IST" name="launchBrowser" finished-at="2022-12-20T15:41:58 IST" duration-ms="5589" status="PASS">
          <params>
            <param index="0">
              <value>
                <![CDATA[Chrome]]>
              </value>
            </param>
          </params>
          <reporter-output>
          </reporter-output>
        </test-method> <!-- launchBrowser -->
        <test-method is-config="true" signature="init()[pri:0, instance:TestCases.LoginTestcases@65b3f4a4]" started-at="2022-12-20T15:41:58 IST" name="init" finished-at="2022-12-20T15:41:58 IST" duration-ms="6" status="PASS">
          <reporter-output>
          </reporter-output>
        </test-method> <!-- init -->
        <test-method signature="launchURL()[pri:1, instance:TestCases.LoginTestcases@65b3f4a4]" started-at="2022-12-20T15:41:58 IST" name="launchURL" finished-at="2022-12-20T15:42:00 IST" duration-ms="1289" status="PASS">
          <reporter-output>
            <line>
              <![CDATA[https://www.saucedemo.com/]]>
            </line>
          </reporter-output>
        </test-method> <!-- launchURL -->
        <test-method signature="validate_loginpageWithInvalidCredtianals()[pri:2, instance:TestCases.LoginTestcases@65b3f4a4]" started-at="2022-12-20T15:42:00 IST" name="validate_loginpageWithInvalidCredtianals" finished-at="2022-12-20T15:42:04 IST" duration-ms="4385" status="PASS">
          <reporter-output>
            <line>
              <![CDATA[Epic sadface: Username and password do not match any user in this service]]>
            </line>
          </reporter-output>
        </test-method> <!-- validate_loginpageWithInvalidCredtianals -->
        <test-method signature="validate_loginWithValidEmailAndInvalidPassword()[pri:3, instance:TestCases.LoginTestcases@65b3f4a4]" started-at="2022-12-20T15:42:04 IST" name="validate_loginWithValidEmailAndInvalidPassword" finished-at="2022-12-20T15:42:08 IST" duration-ms="4292" status="PASS">
          <reporter-output>
            <line>
              <![CDATA[Epic sadface: Username and password do not match any user in this service]]>
            </line>
          </reporter-output>
        </test-method> <!-- validate_loginWithValidEmailAndInvalidPassword -->
        <test-method signature="validate_loginpage()[pri:4, instance:TestCases.LoginTestcases@65b3f4a4]" started-at="2022-12-20T15:42:08 IST" name="validate_loginpage" finished-at="2022-12-20T15:42:09 IST" duration-ms="252" status="PASS">
          <reporter-output>
            <line>
              <![CDATA[Login successfully]]>
            </line>
          </reporter-output>
        </test-method> <!-- validate_loginpage -->
        <test-method signature="validate_url()[pri:5, instance:TestCases.LoginTestcases@65b3f4a4]" started-at="2022-12-20T15:42:09 IST" name="validate_url" finished-at="2022-12-20T15:42:09 IST" duration-ms="25" status="PASS">
          <reporter-output>
          </reporter-output>
        </test-method> <!-- validate_url -->
        <test-method is-config="true" signature="closeBroeswer()[pri:0, instance:TestCases.LoginTestcases@65b3f4a4]" started-at="2022-12-20T15:42:32 IST" name="closeBroeswer" finished-at="2022-12-20T15:42:33 IST" duration-ms="748" status="PASS">
          <reporter-output>
          </reporter-output>
        </test-method> <!-- closeBroeswer -->
      </class> <!-- TestCases.LoginTestcases -->
    </test> <!-- AutomationFrameworkSuite_chrome -->
    <test started-at="2022-12-20T15:42:33 IST" name="AutomationFrameworkSuite_edge" finished-at="2022-12-20T15:43:11 IST" duration-ms="38248">
      <class name="TestCases.InventoryTestcases">
        <test-method is-config="true" signature="init()[pri:0, instance:TestCases.InventoryTestcases@19d481b]" started-at="2022-12-20T15:42:47 IST" name="init" finished-at="2022-12-20T15:42:47 IST" duration-ms="3" status="PASS">
          <reporter-output>
          </reporter-output>
        </test-method> <!-- init -->
        <test-method signature="validateBackPack()[pri:1, instance:TestCases.InventoryTestcases@19d481b]" started-at="2022-12-20T15:42:47 IST" name="validateBackPack" finished-at="2022-12-20T15:42:53 IST" duration-ms="6202" status="PASS">
          <reporter-output>
            <line>
              <![CDATA[Backpack]]>
            </line>
          </reporter-output>
        </test-method> <!-- validateBackPack -->
        <test-method signature="shirt()[pri:2, instance:TestCases.InventoryTestcases@19d481b]" started-at="2022-12-20T15:42:53 IST" name="shirt" finished-at="2022-12-20T15:42:57 IST" duration-ms="4165" status="PASS">
          <reporter-output>
          </reporter-output>
        </test-method> <!-- shirt -->
        <test-method signature="cartItem()[pri:3, instance:TestCases.InventoryTestcases@19d481b]" started-at="2022-12-20T15:42:57 IST" name="cartItem" finished-at="2022-12-20T15:43:06 IST" duration-ms="8620" status="PASS">
          <reporter-output>
          </reporter-output>
        </test-method> <!-- cartItem -->
      </class> <!-- TestCases.InventoryTestcases -->
      <class name="TestCases.LogoutTestcases">
        <test-method is-config="true" signature="init()[pri:0, instance:TestCases.LogoutTestcases@1f97cf0d]" started-at="2022-12-20T15:43:06 IST" name="init" finished-at="2022-12-20T15:43:06 IST" duration-ms="3" status="PASS">
          <reporter-output>
          </reporter-output>
        </test-method> <!-- init -->
        <test-method signature="validateLogout()[pri:0, instance:TestCases.LogoutTestcases@1f97cf0d]" started-at="2022-12-20T15:43:06 IST" name="validateLogout" finished-at="2022-12-20T15:43:10 IST" duration-ms="4175" status="PASS">
          <reporter-output>
          </reporter-output>
        </test-method> <!-- validateLogout -->
      </class> <!-- TestCases.LogoutTestcases -->
      <class name="TestCases.LoginTestcases">
        <test-method is-config="true" signature="launchBrowser(java.lang.String)[pri:0, instance:TestCases.LoginTestcases@51f116b8]" started-at="2022-12-20T15:42:33 IST" name="launchBrowser" finished-at="2022-12-20T15:42:37 IST" duration-ms="4431" status="PASS">
          <params>
            <param index="0">
              <value>
                <![CDATA[Edge]]>
              </value>
            </param>
          </params>
          <reporter-output>
          </reporter-output>
        </test-method> <!-- launchBrowser -->
        <test-method is-config="true" signature="init()[pri:0, instance:TestCases.LoginTestcases@51f116b8]" started-at="2022-12-20T15:42:37 IST" name="init" finished-at="2022-12-20T15:42:37 IST" duration-ms="1" status="PASS">
          <reporter-output>
          </reporter-output>
        </test-method> <!-- init -->
        <test-method signature="launchURL()[pri:1, instance:TestCases.LoginTestcases@51f116b8]" started-at="2022-12-20T15:42:37 IST" name="launchURL" finished-at="2022-12-20T15:42:38 IST" duration-ms="1098" status="PASS">
          <reporter-output>
            <line>
              <![CDATA[https://www.saucedemo.com/]]>
            </line>
          </reporter-output>
        </test-method> <!-- launchURL -->
        <test-method signature="validate_loginpageWithInvalidCredtianals()[pri:2, instance:TestCases.LoginTestcases@51f116b8]" started-at="2022-12-20T15:42:38 IST" name="validate_loginpageWithInvalidCredtianals" finished-at="2022-12-20T15:42:43 IST" duration-ms="4379" status="PASS">
          <reporter-output>
            <line>
              <![CDATA[Epic sadface: Username and password do not match any user in this service]]>
            </line>
          </reporter-output>
        </test-method> <!-- validate_loginpageWithInvalidCredtianals -->
        <test-method signature="validate_loginWithValidEmailAndInvalidPassword()[pri:3, instance:TestCases.LoginTestcases@51f116b8]" started-at="2022-12-20T15:42:43 IST" name="validate_loginWithValidEmailAndInvalidPassword" finished-at="2022-12-20T15:42:47 IST" duration-ms="4297" status="PASS">
          <reporter-output>
            <line>
              <![CDATA[Epic sadface: Username and password do not match any user in this service]]>
            </line>
          </reporter-output>
        </test-method> <!-- validate_loginWithValidEmailAndInvalidPassword -->
        <test-method signature="validate_loginpage()[pri:4, instance:TestCases.LoginTestcases@51f116b8]" started-at="2022-12-20T15:42:47 IST" name="validate_loginpage" finished-at="2022-12-20T15:42:47 IST" duration-ms="277" status="PASS">
          <reporter-output>
            <line>
              <![CDATA[Login successfully]]>
            </line>
          </reporter-output>
        </test-method> <!-- validate_loginpage -->
        <test-method signature="validate_url()[pri:5, instance:TestCases.LoginTestcases@51f116b8]" started-at="2022-12-20T15:42:47 IST" name="validate_url" finished-at="2022-12-20T15:42:47 IST" duration-ms="14" status="PASS">
          <reporter-output>
          </reporter-output>
        </test-method> <!-- validate_url -->
        <test-method is-config="true" signature="closeBroeswer()[pri:0, instance:TestCases.LoginTestcases@51f116b8]" started-at="2022-12-20T15:43:10 IST" name="closeBroeswer" finished-at="2022-12-20T15:43:11 IST" duration-ms="569" status="PASS">
          <reporter-output>
          </reporter-output>
        </test-method> <!-- closeBroeswer -->
      </class> <!-- TestCases.LoginTestcases -->
    </test> <!-- AutomationFrameworkSuite_edge -->
  </suite> <!-- AutomationFrameworkSuite -->
</testng-results>
