<?xml version="1.0" encoding="UTF-8"?>
<!-- Generated by org.testng.reporters.JUnitXMLReporter -->
<testsuite ignored="0" hostname="IM-RT-LP-1455" failures="2" tests="2" name="Test" time="9.846" errors="0" timestamp="2022-12-16T18:24:57 IST">
  <testcase classname="TestCases.LoginTestcases" name="launchURL" time="0.02">
    <failure type="java.lang.NullPointerException" message="Cannot invoke &amp;quot;java.util.Properties.getProperty(String)&amp;quot; because &amp;quot;TestCases.LoginTestcases.prop&amp;quot; is null">
      <![CDATA[java.lang.NullPointerException: Cannot invoke "java.util.Properties.getProperty(String)" because "TestCases.LoginTestcases.prop" is null
at TestCases.LoginTestcases.launchURL(LoginTestcases.java:23)
at java.base/java.util.ArrayList.forEach(ArrayList.java:1511)
... Removed 31 stack frames]]>
    </failure>
  </testcase> <!-- launchURL -->
  <testcase classname="TestCases.LoginTestcases" name="validate_loginpage" time="0.005">
    <failure type="java.lang.NullPointerException" message="Cannot invoke &amp;quot;ModulePages.LoginScreen_Locators.userName()&amp;quot; because &amp;quot;this.loginPage&amp;quot; is null">
      <![CDATA[java.lang.NullPointerException: Cannot invoke "ModulePages.LoginScreen_Locators.userName()" because "this.loginPage" is null
at TestCases.LoginTestcases.validate_loginpage(LoginTestcases.java:39)
at java.base/java.util.ArrayList.forEach(ArrayList.java:1511)
... Removed 31 stack frames]]>
    </failure>
  </testcase> <!-- validate_loginpage -->
</testsuite> <!-- Test -->
