<?xml version="1.0" encoding="UTF-8"?>
<!-- Generated by org.testng.reporters.JUnitXMLReporter -->
<testsuite ignored="4" hostname="IM-RT-LP-1455" failures="0" tests="9" name="AutomationFrameworkSuite_chrome" time="39.894" errors="0" timestamp="2022-12-20T15:42:33 IST">
  <testcase classname="TestCases.LoginTestcases" name="launchURL" time="1.289"/>
  <testcase classname="TestCases.LoginTestcases" name="validate_loginpageWithInvalidCredtianals" time="4.385"/>
  <testcase classname="TestCases.LoginTestcases" name="validate_loginWithValidEmailAndInvalidPassword" time="4.292"/>
  <testcase classname="TestCases.LoginTestcases" name="validate_loginpage" time="0.252"/>
  <testcase classname="TestCases.LoginTestcases" name="validate_url" time="0.025"/>
  <testcase classname="TestCases.InventoryTestcases" name="validateBackPack" time="6.244"/>
  <testcase classname="TestCases.InventoryTestcases" name="shirt" time="4.126"/>
  <testcase classname="TestCases.InventoryTestcases" name="cartItem" time="8.671"/>
  <testcase classname="TestCases.LogoutTestcases" name="validateLogout" time="4.211"/>
  <testcase classname="Baselibraries.STAF_Web_Helper" name="@AfterTest closeBroeswer" time="0.0">
    <ignored/>
  </testcase> <!-- @AfterTest closeBroeswer -->
  <testcase classname="Baselibraries.STAF_Web_Helper" name="@AfterTest closeBroeswer" time="0.0">
    <ignored/>
  </testcase> <!-- @AfterTest closeBroeswer -->
  <testcase classname="Baselibraries.STAF_Web_Helper" name="@BeforeTest launchBrowser" time="0.0">
    <ignored/>
  </testcase> <!-- @BeforeTest launchBrowser -->
  <testcase classname="Baselibraries.STAF_Web_Helper" name="@BeforeTest launchBrowser" time="0.0">
    <ignored/>
  </testcase> <!-- @BeforeTest launchBrowser -->
</testsuite> <!-- AutomationFrameworkSuite_chrome -->
