<?xml version="1.0" encoding="UTF-8"?>
<!-- Generated by org.testng.reporters.JUnitXMLReporter -->
<testsuite ignored="2" hostname="IM-RT-LP-1455" failures="0" tests="8" name="Test" time="33.118" errors="0" timestamp="2022-12-19T10:28:23 IST">
  <testcase classname="TestCases.LoginTestcases" name="launchURL" time="3.179"/>
  <testcase classname="TestCases.LoginTestcases" name="validate_loginpageWithInvalidCredtianals" time="0.393"/>
  <testcase classname="TestCases.LoginTestcases" name="validate_loginWithValidEmailAndInvalidPassword" time="0.262"/>
  <testcase classname="TestCases.LoginTestcases" name="validate_loginpage" time="0.336"/>
  <testcase classname="TestCases.LoginTestcases" name="validate_url" time="0.019"/>
  <testcase classname="TestCases.InventoryTestcases" name="validateBackPack" time="6.247"/>
  <testcase classname="TestCases.InventoryTestcases" name="shirt" time="4.146"/>
  <testcase classname="TestCases.InventoryTestcases" name="cartItem" time="8.852"/>
  <testcase classname="Baselibraries.STAF_Web_Helper" name="@AfterTest closeBroeswer" time="0.0">
    <ignored/>
  </testcase> <!-- @AfterTest closeBroeswer -->
  <testcase classname="Baselibraries.STAF_Web_Helper" name="@BeforeTest launchBrowser" time="0.0">
    <ignored/>
  </testcase> <!-- @BeforeTest launchBrowser -->
</testsuite> <!-- Test -->
